<?xml version="1.0" encoding="UTF-8"?>
<testsuite xmlns:xsi="http://www.w3.org/2001/XMLSchema-instance" xsi:noNamespaceSchemaLocation="https://maven.apache.org/surefire/maven-surefire-plugin/xsd/surefire-test-report-3.0.xsd" version="3.0" name="fizzbuzz.FizzBuzzTest" time="0.054" tests="5" errors="0" skipped="0" failures="2">
  <properties>
[...]
</properties>
  <testcase name="testFizzbuzzReturnsNumber" classname="fizzbuzz.FizzBuzzTest" time="0.022"/>
  <testcase name="testFizzbuzzReturnsFizzBuzz" classname="fizzbuzz.FizzBuzzTest" time="0.0">
    <failure message="expected: &lt;FizzBuzz&gt; but was: &lt;Fizz&gt;" type="org.opentest4j.AssertionFailedError"><![CDATA[org.opentest4j.AssertionFailedError: expected: <FizzBuzz> but was: <Fizz>
	at org.junit.jupiter.api.AssertionFailureBuilder.build(AssertionFailureBuilder.java:151)
	at org.junit.jupiter.api.AssertionFailureBuilder.buildAndThrow(AssertionFailureBuilder.java:132)
	at org.junit.jupiter.api.AssertEquals.failNotEqual(AssertEquals.java:197)
	at org.junit.jupiter.api.AssertEquals.assertEquals(AssertEquals.java:182)
	at org.junit.jupiter.api.AssertEquals.assertEquals(AssertEquals.java:177)
	at org.junit.jupiter.api.Assertions.assertEquals(Assertions.java:1141)
	at fizzbuzz.FizzBuzzTest.testFizzbuzzReturnsFizzBuzz(FizzBuzzTest.java:43)
	at java.base/java.lang.reflect.Method.invoke(Method.java:580)
	at java.base/java.util.ArrayList.forEach(ArrayList.java:1596)
	at java.base/java.util.ArrayList.forEach(ArrayList.java:1596)
]]></failure>
  </testcase>
  <testcase name="testFizzbuzzReturnsBuzz" classname="fizzbuzz.FizzBuzzTest" time="0.0"/>
  <testcase name="testFizzbuzzReturnsFizz" classname="fizzbuzz.FizzBuzzTest" time="0.001"/>
  <testcase name="testFizzbuzzRange" classname="fizzbuzz.FizzBuzzTest" time="0.002">
    <failure message="expected: &lt;[14, FizzBuzz, 16]&gt; but was: &lt;[14, Fizz, 16]&gt;" type="org.opentest4j.AssertionFailedError"><![CDATA[org.opentest4j.AssertionFailedError: expected: <[14, FizzBuzz, 16]> but was: <[14, Fizz, 16]>
	at org.junit.jupiter.api.AssertionFailureBuilder.build(AssertionFailureBuilder.java:151)
	at org.junit.jupiter.api.AssertionFailureBuilder.buildAndThrow(AssertionFailureBuilder.java:132)
	at org.junit.jupiter.api.AssertEquals.failNotEqual(AssertEquals.java:197)
	at org.junit.jupiter.api.AssertEquals.assertEquals(AssertEquals.java:182)
	at org.junit.jupiter.api.AssertEquals.assertEquals(AssertEquals.java:177)
	at org.junit.jupiter.api.Assertions.assertEquals(Assertions.java:1141)
	at fizzbuzz.FizzBuzzTest.testFizzbuzzRange(FizzBuzzTest.java:52)
	at java.base/java.lang.reflect.Method.invoke(Method.java:580)
	at java.base/java.util.ArrayList.forEach(ArrayList.java:1596)
	at java.base/java.util.ArrayList.forEach(ArrayList.java:1596)
]]></failure>
  </testcase>
</testsuite>